Time resolution is 1 ps

======================================================
  tb_pe_array - pe_array.sv  N=4
======================================================

--- TC1: A1 x B1 (all positive, 16 cells) ---
  [PASS]                                                                      TC1 C[0][0]  got=15
  [PASS]                                                                      TC1 C[0][1]  got=7
  [PASS]                                                                      TC1 C[0][2]  got=11
  [PASS]                                                                      TC1 C[0][3]  got=19
  [PASS]                                                                      TC1 C[1][0]  got=39
  [PASS]                                                                      TC1 C[1][1]  got=23
  [PASS]                                                                      TC1 C[1][2]  got=27
  [PASS]                                                                      TC1 C[1][3]  got=43
  [PASS]                                                                      TC1 C[2][0]  got=1
  [PASS]                                                                      TC1 C[2][1]  got=3
  [PASS]                                                                      TC1 C[2][2]  got=3
  [PASS]                                                                      TC1 C[2][3]  got=1
  [PASS]                                                                      TC1 C[3][0]  got=13
  [PASS]                                                                      TC1 C[3][1]  got=7
  [PASS]                                                                      TC1 C[3][2]  got=3
  [PASS]                                                                      TC1 C[3][3]  got=9

--- TC2: A2 x B2 (negative weights) ---
  [PASS]                                                                      TC2 C[0][0]  got=5
  [PASS]                                                                      TC2 C[0][1]  got=-3
  [PASS]                                                                      TC2 C[0][2]  got=6
  [PASS]                                                                      TC2 C[0][3]  got=-10
  [PASS]                                                                      TC2 C[1][0]  got=-10
  [PASS]                                                                      TC2 C[1][1]  got=9
  [PASS]                                                                      TC2 C[1][2]  got=-7
  [PASS]                                                                      TC2 C[1][3]  got=11
  [PASS]                                                                      TC2 C[2][0]  got=7
  [PASS]                                                                      TC2 C[2][1]  got=-4
  [PASS]                                                                      TC2 C[2][2]  got=6
  [PASS]                                                                      TC2 C[2][3]  got=-11
  [PASS]                                                                      TC2 C[3][0]  got=-5
  [PASS]                                                                      TC2 C[3][1]  got=6
  [PASS]                                                                      TC2 C[3][2]  got=-6
  [PASS]                                                                      TC2 C[3][3]  got=7

--- TC3: A3 x Identity ---
  [PASS]                                                                      TC3 C[0][0]  got=10
  [PASS]                                                                      TC3 C[0][1]  got=20
  [PASS]                                                                      TC3 C[0][2]  got=30
  [PASS]                                                                      TC3 C[0][3]  got=40
  [PASS]                                                                      TC3 C[1][0]  got=50
  [PASS]                                                                      TC3 C[1][1]  got=60
  [PASS]                                                                      TC3 C[1][2]  got=70
  [PASS]                                                                      TC3 C[1][3]  got=80
  [PASS]                                                                      TC3 C[2][0]  got=11
  [PASS]                                                                      TC3 C[2][1]  got=22
  [PASS]                                                                      TC3 C[2][2]  got=33
  [PASS]                                                                      TC3 C[2][3]  got=44
  [PASS]                                                                      TC3 C[3][0]  got=5
  [PASS]                                                                      TC3 C[3][1]  got=15
  [PASS]                                                                      TC3 C[3][2]  got=25
  [PASS]                                                                      TC3 C[3][3]  got=35

--- TC4: pe_rst between layers (no residue) ---
  [PASS]                                                                      TC4 C[0][0]  got=10
  [PASS]                                                                      TC4 C[0][1]  got=20
  [PASS]                                                                      TC4 C[0][2]  got=30
  [PASS]                                                                      TC4 C[0][3]  got=40
  [PASS]                                                                      TC4 C[1][0]  got=50
  [PASS]                                                                      TC4 C[1][1]  got=60
  [PASS]                                                                      TC4 C[1][2]  got=70
  [PASS]                                                                      TC4 C[1][3]  got=80
  [PASS]                                                                      TC4 C[2][0]  got=11
  [PASS]                                                                      TC4 C[2][1]  got=22
  [PASS]                                                                      TC4 C[2][2]  got=33
  [PASS]                                                                      TC4 C[2][3]  got=44
  [PASS]                                                                      TC4 C[3][0]  got=5
  [PASS]                                                                      TC4 C[3][1]  got=15
  [PASS]                                                                      TC4 C[3][2]  got=25
  [PASS]                                                                      TC4 C[3][3]  got=35

======================================================
  PASSED: 64   FAILED: 0
  *** ALL TESTS PASSED - pe_array.sv verified ***
======================================================

$finish called at time : 756 ns : File "C:/Users/Admin/Desktop/HARDWARE_NUERON/MISSION_NN/MISSION_NN.srcs/sim_1/new/tb_pe_array.sv" Line 200
